<?xml version="1.0" encoding="UTF-8"?>
<testng-results ignored="0" total="8" passed="7" failed="1" skipped="0">
  <reporter-output>
  </reporter-output>
  <suite started-at="2022-07-19T20:29:33 WIB" name="Default suite" finished-at="2022-07-19T20:30:06 WIB" duration-ms="33083">
    <groups>
      <group name="cucumber">
        <method signature="AbstractTestNGCucumberTests.runScenario(io.cucumber.testng.PickleWrapper, io.cucumber.testng.FeatureWrapper)[pri:0, instance:runnerFiles.RunnerFileTestNG@70be0a2b]" name="runScenario" class="io.cucumber.testng.AbstractTestNGCucumberTests"/>
      </group> <!-- cucumber -->
    </groups>
    <test started-at="2022-07-19T20:29:33 WIB" name="Default test" finished-at="2022-07-19T20:30:06 WIB" duration-ms="33083">
      <class name="runnerFiles.RunnerFileTestNG">
        <test-method is-config="true" signature="setUpClass()[pri:0, instance:runnerFiles.RunnerFileTestNG@70be0a2b]" started-at="2022-07-19T20:29:33 WIB" name="setUpClass" finished-at="2022-07-19T20:29:34 WIB" duration-ms="741" status="PASS">
          <reporter-output>
          </reporter-output>
        </test-method> <!-- setUpClass -->
        <test-method signature="runScenario(io.cucumber.testng.PickleWrapper, io.cucumber.testng.FeatureWrapper)[pri:0, instance:runnerFiles.RunnerFileTestNG@70be0a2b]" started-at="2022-07-19T20:29:34 WIB" name="runScenario" description="Runs Cucumber Scenarios" data-provider="scenarios" finished-at="2022-07-19T20:29:34 WIB" duration-ms="231" status="PASS">
          <params>
            <param index="0">
              <value>
                <![CDATA["Valid email"]]>
              </value>
            </param>
            <param index="1">
              <value>
                <![CDATA["Tentukan email valid atau tidak"]]>
              </value>
            </param>
          </params>
          <reporter-output>
          </reporter-output>
        </test-method> <!-- runScenario -->
        <test-method signature="runScenario(io.cucumber.testng.PickleWrapper, io.cucumber.testng.FeatureWrapper)[pri:0, instance:runnerFiles.RunnerFileTestNG@70be0a2b]" started-at="2022-07-19T20:29:34 WIB" name="runScenario" description="Runs Cucumber Scenarios" data-provider="scenarios" finished-at="2022-07-19T20:29:34 WIB" duration-ms="16" status="PASS">
          <params>
            <param index="0">
              <value>
                <![CDATA["Invalid email"]]>
              </value>
            </param>
            <param index="1">
              <value>
                <![CDATA["Tentukan email valid atau tidak"]]>
              </value>
            </param>
          </params>
          <reporter-output>
          </reporter-output>
        </test-method> <!-- runScenario -->
        <test-method signature="runScenario(io.cucumber.testng.PickleWrapper, io.cucumber.testng.FeatureWrapper)[pri:0, instance:runnerFiles.RunnerFileTestNG@70be0a2b]" started-at="2022-07-19T20:29:34 WIB" name="runScenario" description="Runs Cucumber Scenarios" data-provider="scenarios" finished-at="2022-07-19T20:29:45 WIB" duration-ms="10962" status="PASS">
          <params>
            <param index="0">
              <value>
                <![CDATA["login dengan kredensial valid"]]>
              </value>
            </param>
            <param index="1">
              <value>
                <![CDATA["Login aplikasi GTPL BANK"]]>
              </value>
            </param>
          </params>
          <reporter-output>
          </reporter-output>
        </test-method> <!-- runScenario -->
        <test-method signature="runScenario(io.cucumber.testng.PickleWrapper, io.cucumber.testng.FeatureWrapper)[pri:0, instance:runnerFiles.RunnerFileTestNG@70be0a2b]" started-at="2022-07-19T20:29:45 WIB" name="runScenario" description="Runs Cucumber Scenarios" data-provider="scenarios" finished-at="2022-07-19T20:29:52 WIB" duration-ms="6738" status="PASS">
          <params>
            <param index="0">
              <value>
                <![CDATA["login dengan kredensial tidak valid"]]>
              </value>
            </param>
            <param index="1">
              <value>
                <![CDATA["Login aplikasi GTPL BANK"]]>
              </value>
            </param>
          </params>
          <reporter-output>
          </reporter-output>
        </test-method> <!-- runScenario -->
        <test-method signature="runScenario(io.cucumber.testng.PickleWrapper, io.cucumber.testng.FeatureWrapper)[pri:0, instance:runnerFiles.RunnerFileTestNG@70be0a2b]" started-at="2022-07-19T20:29:52 WIB" name="runScenario" description="Runs Cucumber Scenarios" data-provider="scenarios" finished-at="2022-07-19T20:29:52 WIB" duration-ms="9" status="PASS">
          <params>
            <param index="0">
              <value>
                <![CDATA["valid palindrome"]]>
              </value>
            </param>
            <param index="1">
              <value>
                <![CDATA["check string palindrom"]]>
              </value>
            </param>
          </params>
          <reporter-output>
          </reporter-output>
        </test-method> <!-- runScenario -->
        <test-method signature="runScenario(io.cucumber.testng.PickleWrapper, io.cucumber.testng.FeatureWrapper)[pri:0, instance:runnerFiles.RunnerFileTestNG@70be0a2b]" started-at="2022-07-19T20:29:52 WIB" name="runScenario" description="Runs Cucumber Scenarios" data-provider="scenarios" finished-at="2022-07-19T20:29:52 WIB" duration-ms="8" status="PASS">
          <params>
            <param index="0">
              <value>
                <![CDATA["invalid palindrome"]]>
              </value>
            </param>
            <param index="1">
              <value>
                <![CDATA["check string palindrom"]]>
              </value>
            </param>
          </params>
          <reporter-output>
          </reporter-output>
        </test-method> <!-- runScenario -->
        <test-method signature="runScenario(io.cucumber.testng.PickleWrapper, io.cucumber.testng.FeatureWrapper)[pri:0, instance:runnerFiles.RunnerFileTestNG@70be0a2b]" started-at="2022-07-19T20:29:52 WIB" name="runScenario" description="Runs Cucumber Scenarios" data-provider="scenarios" finished-at="2022-07-19T20:29:59 WIB" duration-ms="7745" status="FAIL">
          <params>
            <param index="0">
              <value>
                <![CDATA["Register dengan email valid"]]>
              </value>
            </param>
            <param index="1">
              <value>
                <![CDATA["Register Aplikasi GTPL Bank"]]>
              </value>
            </param>
          </params>
          <exception class="org.openqa.selenium.WebDriverException">
            <message>
              <![CDATA[unknown error: cannot determine loading status
from unknown error: unexpected command response
  (Session info: chrome=103.0.5060.53)
Build info: version: '3.141.59', revision: 'e82be7d358', time: '2018-11-14T08:17:03'
System info: host: 'ranto-HP-Laptop-14-cm0xxx', ip: '127.0.1.1', os.name: 'Linux', os.arch: 'amd64', os.version: '5.15.0-41-generic', java.version: '11.0.15'
Driver info: org.openqa.selenium.chrome.ChromeDriver
Capabilities {acceptInsecureCerts: false, browserName: chrome, browserVersion: 103.0.5060.53, chrome: {chromedriverVersion: 103.0.5060.53 (a1711811edd7..., userDataDir: /tmp/.com.google.Chrome.axfVEA}, goog:chromeOptions: {debuggerAddress: localhost:44931}, javascriptEnabled: true, networkConnectionEnabled: false, pageLoadStrategy: normal, platform: LINUX, platformName: LINUX, proxy: Proxy(), setWindowRect: true, strictFileInteractability: false, timeouts: {implicit: 0, pageLoad: 300000, script: 30000}, unhandledPromptBehavior: dismiss and notify, webauthn:extension:credBlob: true, webauthn:extension:largeBlob: true, webauthn:virtualAuthenticators: true}
Session ID: f6eda5e909231d532a6f4ceee5e5cf2e]]>
            </message>
            <full-stacktrace>
              <![CDATA[org.openqa.selenium.WebDriverException: unknown error: cannot determine loading status
from unknown error: unexpected command response
  (Session info: chrome=103.0.5060.53)
Build info: version: '3.141.59', revision: 'e82be7d358', time: '2018-11-14T08:17:03'
System info: host: 'ranto-HP-Laptop-14-cm0xxx', ip: '127.0.1.1', os.name: 'Linux', os.arch: 'amd64', os.version: '5.15.0-41-generic', java.version: '11.0.15'
Driver info: org.openqa.selenium.chrome.ChromeDriver
Capabilities {acceptInsecureCerts: false, browserName: chrome, browserVersion: 103.0.5060.53, chrome: {chromedriverVersion: 103.0.5060.53 (a1711811edd7..., userDataDir: /tmp/.com.google.Chrome.axfVEA}, goog:chromeOptions: {debuggerAddress: localhost:44931}, javascriptEnabled: true, networkConnectionEnabled: false, pageLoadStrategy: normal, platform: LINUX, platformName: LINUX, proxy: Proxy(), setWindowRect: true, strictFileInteractability: false, timeouts: {implicit: 0, pageLoad: 300000, script: 30000}, unhandledPromptBehavior: dismiss and notify, webauthn:extension:credBlob: true, webauthn:extension:largeBlob: true, webauthn:virtualAuthenticators: true}
Session ID: f6eda5e909231d532a6f4ceee5e5cf2e
at java.base/jdk.internal.reflect.NativeConstructorAccessorImpl.newInstance0(Native Method)
at java.base/jdk.internal.reflect.NativeConstructorAccessorImpl.newInstance(NativeConstructorAccessorImpl.java:62)
at java.base/jdk.internal.reflect.DelegatingConstructorAccessorImpl.newInstance(DelegatingConstructorAccessorImpl.java:45)
at java.base/java.lang.reflect.Constructor.newInstance(Constructor.java:490)
at org.openqa.selenium.remote.http.W3CHttpResponseCodec.createException(W3CHttpResponseCodec.java:187)
at org.openqa.selenium.remote.http.W3CHttpResponseCodec.decode(W3CHttpResponseCodec.java:122)
at org.openqa.selenium.remote.http.W3CHttpResponseCodec.decode(W3CHttpResponseCodec.java:49)
at org.openqa.selenium.remote.HttpCommandExecutor.execute(HttpCommandExecutor.java:158)
at org.openqa.selenium.remote.service.DriverCommandExecutor.execute(DriverCommandExecutor.java:83)
at org.openqa.selenium.remote.RemoteWebDriver.execute(RemoteWebDriver.java:552)
at org.openqa.selenium.remote.RemoteWebElement.execute(RemoteWebElement.java:285)
at org.openqa.selenium.remote.RemoteWebElement.submit(RemoteWebElement.java:88)
at stepdefs.RegisterStepDef.user_menekan_tombol_submit(RegisterStepDef.java:38)
at ✽.User menekan tombol submit(file:///home/ancient/Documents/java/Cucumber-jc/src/test/resources/FeaturesFiles/Register.feature:7)
]]>
            </full-stacktrace>
          </exception> <!-- org.openqa.selenium.WebDriverException -->
          <reporter-output>
          </reporter-output>
        </test-method> <!-- runScenario -->
        <test-method signature="runScenario(io.cucumber.testng.PickleWrapper, io.cucumber.testng.FeatureWrapper)[pri:0, instance:runnerFiles.RunnerFileTestNG@70be0a2b]" started-at="2022-07-19T20:29:59 WIB" name="runScenario" description="Runs Cucumber Scenarios" data-provider="scenarios" finished-at="2022-07-19T20:30:06 WIB" duration-ms="6228" status="PASS">
          <params>
            <param index="0">
              <value>
                <![CDATA["Register dengan email valid"]]>
              </value>
            </param>
            <param index="1">
              <value>
                <![CDATA["Register Aplikasi GTPL Bank"]]>
              </value>
            </param>
          </params>
          <reporter-output>
          </reporter-output>
        </test-method> <!-- runScenario -->
        <test-method is-config="true" signature="tearDownClass()[pri:0, instance:runnerFiles.RunnerFileTestNG@70be0a2b]" started-at="2022-07-19T20:30:06 WIB" name="tearDownClass" finished-at="2022-07-19T20:30:06 WIB" duration-ms="305" status="PASS">
          <reporter-output>
          </reporter-output>
        </test-method> <!-- tearDownClass -->
      </class> <!-- runnerFiles.RunnerFileTestNG -->
    </test> <!-- Default test -->
  </suite> <!-- Default suite -->
</testng-results>
